<?xml version="1.0" encoding="UTF-8"?>
<coverage generated="1738842285202" clover="3.2.0">
  <project timestamp="1738842285202" name="All files">
    <metrics statements="21" coveredstatements="16" conditionals="6" coveredconditionals="4" methods="2" coveredmethods="2" elements="29" coveredelements="22" complexity="0" loc="21" ncloc="21" packages="1" files="2" classes="2"/>
    <file name="formHandler.js" path="C:\Users\saifd\Desktop\Github\a\NLP-Marah\marah\src\client\js\formHandler.js">
      <metrics statements="15" coveredstatements="10" conditionals="4" coveredconditionals="2" methods="1" coveredmethods="1"/>
      <line num="1" count="1" type="stmt"/>
      <line num="2" count="1" type="stmt"/>
      <line num="4" count="1" type="stmt"/>
      <line num="6" count="1" type="cond" truecount="1" falsecount="1"/>
      <line num="7" count="0" type="stmt"/>
      <line num="8" count="0" type="stmt"/>
      <line num="11" count="1" type="stmt"/>
      <line num="13" count="1" type="stmt"/>
      <line num="14" count="1" type="stmt"/>
      <line num="20" count="1" type="stmt"/>
      <line num="22" count="1" type="cond" truecount="1" falsecount="1"/>
      <line num="23" count="1" type="stmt"/>
      <line num="32" count="0" type="stmt"/>
      <line num="35" count="0" type="stmt"/>
      <line num="36" count="0" type="stmt"/>
    </file>
    <file name="nameChecker.js" path="C:\Users\saifd\Desktop\Github\a\NLP-Marah\marah\src\client\js\nameChecker.js">
      <metrics statements="6" coveredstatements="6" conditionals="2" coveredconditionals="2" methods="1" coveredmethods="1"/>
      <line num="1" count="1" type="stmt"/>
      <line num="2" count="10" type="stmt"/>
      <line num="4" count="10" type="stmt"/>
      <line num="6" count="10" type="stmt"/>
      <line num="8" count="10" type="cond" truecount="2" falsecount="0"/>
      <line num="9" count="10" type="stmt"/>
    </file>
  </project>
</coverage>
