{"C:\\Users\\saifd\\Desktop\\Github\\a\\NLP-Marah\\marah\\src\\client\\js\\formHandler.js": {"path":"C:\\Users\\saifd\\Desktop\\Github\\a\\NLP-Marah\\marah\\src\\client\\js\\formHandler.js","statementMap":{"0":{"start":{"line":1,"column":28},"end":{"line":38,"column":1}},"1":{"start":{"line":2,"column":4},"end":{"line":2,"column":27}},"2":{"start":{"line":4,"column":22},"end":{"line":4,"column":59}},"3":{"start":{"line":6,"column":4},"end":{"line":9,"column":5}},"4":{"start":{"line":7,"column":8},"end":{"line":7,"column":47}},"5":{"start":{"line":8,"column":8},"end":{"line":8,"column":15}},"6":{"start":{"line":11,"column":4},"end":{"line":11,"column":53}},"7":{"start":{"line":13,"column":4},"end":{"line":37,"column":5}},"8":{"start":{"line":14,"column":25},"end":{"line":18,"column":10}},"9":{"start":{"line":20,"column":23},"end":{"line":20,"column":44}},"10":{"start":{"line":22,"column":8},"end":{"line":33,"column":9}},"11":{"start":{"line":23,"column":12},"end":{"line":30,"column":14}},"12":{"start":{"line":32,"column":12},"end":{"line":32,"column":91}},"13":{"start":{"line":35,"column":8},"end":{"line":35,"column":55}},"14":{"start":{"line":36,"column":8},"end":{"line":36,"column":86}}},"fnMap":{"0":{"name":"(anonymous_0)","decl":{"start":{"line":1,"column":28},"end":{"line":1,"column":29}},"loc":{"start":{"line":1,"column":45},"end":{"line":38,"column":1}},"line":1}},"branchMap":{"0":{"loc":{"start":{"line":6,"column":4},"end":{"line":9,"column":5}},"type":"if","locations":[{"start":{"line":6,"column":4},"end":{"line":9,"column":5}},{"start":{},"end":{}}],"line":6},"1":{"loc":{"start":{"line":22,"column":8},"end":{"line":33,"column":9}},"type":"if","locations":[{"start":{"line":22,"column":8},"end":{"line":33,"column":9}},{"start":{"line":31,"column":15},"end":{"line":33,"column":9}}],"line":22}},"s":{"0":1,"1":1,"2":1,"3":1,"4":0,"5":0,"6":1,"7":1,"8":1,"9":1,"10":1,"11":1,"12":0,"13":0,"14":0},"f":{"0":1},"b":{"0":[0,1],"1":[1,0]},"_coverageSchema":"1a1c01bbd47fc00a2c39e90264f33305004495a9","hash":"e242711adad73a0cab03ca731946bd950369fb19"}
,"C:\\Users\\saifd\\Desktop\\Github\\a\\NLP-Marah\\marah\\src\\client\\js\\nameChecker.js": {"path":"C:\\Users\\saifd\\Desktop\\Github\\a\\NLP-Marah\\marah\\src\\client\\js\\nameChecker.js","statementMap":{"0":{"start":{"line":1,"column":29},"end":{"line":10,"column":1}},"1":{"start":{"line":2,"column":4},"end":{"line":2,"column":55}},"2":{"start":{"line":4,"column":20},"end":{"line":4,"column":96}},"3":{"start":{"line":6,"column":20},"end":{"line":6,"column":43}},"4":{"start":{"line":8,"column":4},"end":{"line":8,"column":81}},"5":{"start":{"line":9,"column":4},"end":{"line":9,"column":19}}},"fnMap":{"0":{"name":"(anonymous_0)","decl":{"start":{"line":1,"column":29},"end":{"line":1,"column":30}},"loc":{"start":{"line":1,"column":44},"end":{"line":10,"column":1}},"line":1}},"branchMap":{"0":{"loc":{"start":{"line":8,"column":38},"end":{"line":8,"column":77}},"type":"cond-expr","locations":[{"start":{"line":8,"column":48},"end":{"line":8,"column":60}},{"start":{"line":8,"column":63},"end":{"line":8,"column":77}}],"line":8}},"s":{"0":1,"1":10,"2":10,"3":10,"4":10,"5":10},"f":{"0":10},"b":{"0":[5,5]},"_coverageSchema":"1a1c01bbd47fc00a2c39e90264f33305004495a9","hash":"47f0b330828c72c4affd990318fcb2122254474b"}
}
