{"C:\\Users\\saifd\\Desktop\\Github\\a\\NLP-Marah\\marah\\src\\client\\js\\formHandler.js": {"path":"C:\\Users\\saifd\\Desktop\\Github\\a\\NLP-Marah\\marah\\src\\client\\js\\formHandler.js","statementMap":{"0":{"start":{"line":3,"column":28},"end":{"line":25,"column":1}},"1":{"start":{"line":4,"column":4},"end":{"line":4,"column":27}},"2":{"start":{"line":6,"column":21},"end":{"line":6,"column":58}},"3":{"start":{"line":7,"column":4},"end":{"line":10,"column":5}},"4":{"start":{"line":8,"column":8},"end":{"line":8,"column":59}},"5":{"start":{"line":9,"column":8},"end":{"line":9,"column":15}},"6":{"start":{"line":12,"column":4},"end":{"line":24,"column":5}},"7":{"start":{"line":13,"column":25},"end":{"line":17,"column":10}},"8":{"start":{"line":19,"column":21},"end":{"line":19,"column":42}},"9":{"start":{"line":20,"column":8},"end":{"line":20,"column":93}},"10":{"start":{"line":22,"column":8},"end":{"line":22,"column":39}},"11":{"start":{"line":23,"column":8},"end":{"line":23,"column":41}}},"fnMap":{"0":{"name":"(anonymous_0)","decl":{"start":{"line":3,"column":28},"end":{"line":3,"column":29}},"loc":{"start":{"line":3,"column":45},"end":{"line":25,"column":1}},"line":3}},"branchMap":{"0":{"loc":{"start":{"line":7,"column":4},"end":{"line":10,"column":5}},"type":"if","locations":[{"start":{"line":7,"column":4},"end":{"line":10,"column":5}},{"start":{},"end":{}}],"line":7}},"s":{"0":1,"1":1,"2":1,"3":1,"4":0,"5":0,"6":1,"7":1,"8":1,"9":1,"10":0,"11":0},"f":{"0":1},"b":{"0":[0,1]},"_coverageSchema":"1a1c01bbd47fc00a2c39e90264f33305004495a9","hash":"61580ce0bb906b991c184ebfdc2382b15b5705ec"}
,"C:\\Users\\saifd\\Desktop\\Github\\a\\NLP-Marah\\marah\\src\\client\\js\\nameChecker.js": {"path":"C:\\Users\\saifd\\Desktop\\Github\\a\\NLP-Marah\\marah\\src\\client\\js\\nameChecker.js","statementMap":{"0":{"start":{"line":1,"column":29},"end":{"line":5,"column":1}},"1":{"start":{"line":2,"column":4},"end":{"line":2,"column":55}},"2":{"start":{"line":3,"column":20},"end":{"line":3,"column":77}},"3":{"start":{"line":4,"column":4},"end":{"line":4,"column":35}}},"fnMap":{"0":{"name":"(anonymous_0)","decl":{"start":{"line":1,"column":29},"end":{"line":1,"column":30}},"loc":{"start":{"line":1,"column":44},"end":{"line":5,"column":1}},"line":1}},"branchMap":{},"s":{"0":1,"1":1,"2":1,"3":1},"f":{"0":1},"b":{},"_coverageSchema":"1a1c01bbd47fc00a2c39e90264f33305004495a9","hash":"a8321622ffd1aac9cbbd21cf8e3daba98b580119"}
}
